[    0.000000] Linux version 4.15.0-213-generic (buildd@lcy02-amd64-079) (gcc version 7.5.0 (Ubuntu 7.5.0-3ubuntu1~18.04)) #224-Ubuntu SMP Mon Jun 19 13:30:12 UTC 2023 (Ubuntu 4.15.0-213.224-generic 4.15.18)
[    0.000000] Command line: BOOT_IMAGE=/boot/vmlinuz-4.15.0-213-generic root=UUID=f685bb41-0e3b-40c4-89c1-eea0f0583525 ro console=tty1 console=ttyS0
[    0.000000] KERNEL supported cpus:
[    0.000000]   Intel GenuineIntel
[    0.000000]   AMD AuthenticAMD
[    0.000000]   Centaur CentaurHauls
[    0.000000] [Firmware Bug]: TSC doesn't count with P0 frequency!
[    0.000000] x86/fpu: Supporting XSAVE feature 0x001: 'x87 floating point registers'
[    0.000000] x86/fpu: Supporting XSAVE feature 0x002: 'SSE registers'
[    0.000000] x86/fpu: Supporting XSAVE feature 0x004: 'AVX registers'
[    0.000000] x86/fpu: xstate_offset[2]:  576, xstate_sizes[2]:  256
[    0.000000] x86/fpu: Enabled xstate features 0x7, context size is 832 bytes, using 'standard' format.
[    0.000000] e820: BIOS-provided physical RAM map:
[    0.000000] BIOS-e820: [mem 0x0000000000000000-0x000000000009fbff] usable
[    0.000000] BIOS-e820: [mem 0x000000000009fc00-0x000000000009ffff] reserved
[    0.000000] BIOS-e820: [mem 0x00000000000f0000-0x00000000000fffff] reserved
[    0.000000] BIOS-e820: [mem 0x0000000000100000-0x000000003ffeffff] usable
[    0.000000] BIOS-e820: [mem 0x000000003fff0000-0x000000003fffffff] ACPI data
[    0.000000] BIOS-e820: [mem 0x00000000fec00000-0x00000000fec00fff] reserved
[    0.000000] BIOS-e820: [mem 0x00000000fee00000-0x00000000fee00fff] reserved
[    0.000000] BIOS-e820: [mem 0x00000000fffc0000-0x00000000ffffffff] reserved
[    0.000000] NX (Execute Disable) protection: active
[    0.000000] SMBIOS 2.5 present.
[    0.000000] DMI: innotek GmbH VirtualBox/VirtualBox, BIOS VirtualBox 12/01/2006
[    0.000000] Hypervisor detected: KVM
[    0.000000] e820: last_pfn = 0x3fff0 max_arch_pfn = 0x400000000
[    0.000000] MTRR: Disabled
[    0.000000] x86/PAT: MTRRs disabled, skipping PAT initialization too.
[    0.000000] CPU MTRRs all blank - virtualized system.
[    0.000000] x86/PAT: Configuration [0-7]: WB  WT  UC- UC  WB  WT  UC- UC  
[    0.000000] found SMP MP-table at [mem 0x0009fff0-0x0009ffff]
[    0.000000] Scanning 1 areas for low memory corruption
[    0.000000] RAMDISK: [mem 0x35819000-0x36c03fff]
[    0.000000] ACPI: Early table checksum verification disabled
[    0.000000] ACPI: RSDP 0x00000000000E0000 000024 (v02 VBOX  )
[    0.000000] ACPI: XSDT 0x000000003FFF0030 00003C (v01 VBOX   VBOXXSDT 00000001 ASL  00000061)
[    0.000000] ACPI: FACP 0x000000003FFF00F0 0000F4 (v04 VBOX   VBOXFACP 00000001 ASL  00000061)
[    0.000000] ACPI: DSDT 0x000000003FFF0470 002325 (v02 VBOX   VBOXBIOS 00000002 INTL 20100528)
[    0.000000] ACPI: FACS 0x000000003FFF0200 000040
[    0.000000] ACPI: FACS 0x000000003FFF0200 000040
[    0.000000] ACPI: APIC 0x000000003FFF0240 00005C (v02 VBOX   VBOXAPIC 00000001 ASL  00000061)
[    0.000000] ACPI: SSDT 0x000000003FFF02A0 0001CC (v01 VBOX   VBOXCPUT 00000002 INTL 20100528)
[    0.000000] ACPI: Reserving FACP table memory at [mem 0x3fff00f0-0x3fff01e3]
[    0.000000] ACPI: Reserving DSDT table memory at [mem 0x3fff0470-0x3fff2794]
[    0.000000] ACPI: Reserving FACS table memory at [mem 0x3fff0200-0x3fff023f]
[    0.000000] ACPI: Reserving FACS table memory at [mem 0x3fff0200-0x3fff023f]
[    0.000000] ACPI: Reserving APIC table memory at [mem 0x3fff0240-0x3fff029b]
[    0.000000] ACPI: Reserving SSDT table memory at [mem 0x3fff02a0-0x3fff046b]
[    0.000000] No NUMA configuration found
[    0.000000] Faking a node at [mem 0x0000000000000000-0x000000003ffeffff]
[    0.000000] NODE_DATA(0) allocated [mem 0x3ffc5000-0x3ffeffff]
[    0.000000] kvm-clock: cpu 0, msr 0:3ff44001, primary cpu clock
[    0.000000] kvm-clock: Using msrs 4b564d01 and 4b564d00
[    0.000000] kvm-clock: using sched offset of 4285520698 cycles
[    0.000000] clocksource: kvm-clock: mask: 0xffffffffffffffff max_cycles: 0x1cd42e4dffb, max_idle_ns: 881590591483 ns
[    0.000000] Zone ranges:
[    0.000000]   DMA      [mem 0x0000000000001000-0x0000000000ffffff]
[    0.000000]   DMA32    [mem 0x0000000001000000-0x000000003ffeffff]
[    0.000000]   Normal   empty
[    0.000000]   Device   empty
[    0.000000] Movable zone start for each node
[    0.000000] Early memory node ranges
[    0.000000]   node   0: [mem 0x0000000000001000-0x000000000009efff]
[    0.000000]   node   0: [mem 0x0000000000100000-0x000000003ffeffff]
[    0.000000] Reserved but unavailable: 104 pages
[    0.000000] Initmem setup node 0 [mem 0x0000000000001000-0x000000003ffeffff]
[    0.000000] ACPI: PM-Timer IO Port: 0x4008
[    0.000000] IOAPIC[0]: apic_id 2, version 32, address 0xfec00000, GSI 0-23
[    0.000000] ACPI: INT_SRC_OVR (bus 0 bus_irq 0 global_irq 2 dfl dfl)
[    0.000000] ACPI: INT_SRC_OVR (bus 0 bus_irq 9 global_irq 9 low level)
[    0.000000] Using ACPI (MADT) for SMP configuration information
[    0.000000] smpboot: Allowing 2 CPUs, 0 hotplug CPUs
[    0.000000] PM: Registered nosave memory: [mem 0x00000000-0x00000fff]
[    0.000000] PM: Registered nosave memory: [mem 0x0009f000-0x0009ffff]
[    0.000000] PM: Registered nosave memory: [mem 0x000a0000-0x000effff]
[    0.000000] PM: Registered nosave memory: [mem 0x000f0000-0x000fffff]
[    0.000000] e820: [mem 0x40000000-0xfebfffff] available for PCI devices
[    0.000000] Booting paravirtualized kernel on KVM
[    0.000000] clocksource: refined-jiffies: mask: 0xffffffff max_cycles: 0xffffffff, max_idle_ns: 7645519600211568 ns
[    0.000000] setup_percpu: NR_CPUS:8192 nr_cpumask_bits:2 nr_cpu_ids:2 nr_node_ids:1
[    0.000000] percpu: Embedded 50 pages/cpu s167936 r8192 d28672 u1048576
[    0.000000] PV qspinlock hash table entries: 256 (order: 0, 4096 bytes)
[    0.000000] Built 1 zonelists, mobility grouping on.  Total pages: 257913
[    0.000000] Policy zone: DMA32
[    0.000000] Kernel command line: BOOT_IMAGE=/boot/vmlinuz-4.15.0-213-generic root=UUID=f685bb41-0e3b-40c4-89c1-eea0f0583525 ro console=tty1 console=ttyS0
[    0.000000] Memory: 981776K/1048120K available (12300K kernel code, 2477K rwdata, 4324K rodata, 2480K init, 2720K bss, 66344K reserved, 0K cma-reserved)
[    0.000000] SLUB: HWalign=64, Order=0-3, MinObjects=0, CPUs=2, Nodes=1
[    0.000000] ftrace: allocating 39508 entries in 155 pages
[    0.004000] Hierarchical RCU implementation.
[    0.004000] 	RCU restricting CPUs from NR_CPUS=8192 to nr_cpu_ids=2.
[    0.004000] 	Tasks RCU enabled.
[    0.004000] RCU: Adjusting geometry for rcu_fanout_leaf=16, nr_cpu_ids=2
[    0.004000] NR_IRQS: 524544, nr_irqs: 440, preallocated irqs: 16
[    0.004000] random: crng init done
[    0.004000] Console: colour VGA+ 80x25
[    0.004000] console [tty1] enabled
[    0.004000] console [ttyS0] enabled
[    0.004000] ACPI: Core revision 20170831
[    0.004000] ACPI: 2 ACPI AML tables successfully acquired and loaded
[    0.004000] APIC: Switch to symmetric I/O mode setup
[    0.004000] x2apic enabled
[    0.004000] Switched APIC routing to physical x2apic.
[    0.004000] ..TIMER: vector=0x30 apic1=0 pin1=2 apic2=-1 pin2=-1
[    0.004009] tsc: Detected 2099.998 MHz processor
[    0.008014] Calibrating delay loop (skipped) preset value.. 4199.99 BogoMIPS (lpj=8399992)
[    0.009752] pid_max: default: 32768 minimum: 301
[    0.010762] Security Framework initialized
[    0.011730] Yama: becoming mindful.
[    0.012041] AppArmor: AppArmor initialized
[    0.016098] Dentry cache hash table entries: 131072 (order: 8, 1048576 bytes)
[    0.020262] Inode-cache hash table entries: 65536 (order: 7, 524288 bytes)
[    0.022412] Mount-cache hash table entries: 2048 (order: 2, 16384 bytes)
[    0.024022] Mountpoint-cache hash table entries: 2048 (order: 2, 16384 bytes)
[    0.025872] Last level iTLB entries: 4KB 1024, 2MB 1024, 4MB 512
[    0.028007] Last level dTLB entries: 4KB 1536, 2MB 1536, 4MB 768, 1GB 0
[    0.029381] Spectre V1 : Mitigation: usercopy/swapgs barriers and __user pointer sanitization
[    0.031568] Spectre V2 : Mitigation: Retpolines
[    0.032008] Spectre V2 : Spectre v2 / SpectreRSB mitigation: Filling RSB on context switch
[    0.033848] Spectre V2 : Spectre v2 / SpectreRSB : Filling RSB on VMEXIT
[    0.036013] RETBleed: Vulnerable
[    0.037149] Freeing SMP alternatives memory: 36K
[    0.149354] smpboot: CPU0: AMD Ryzen 5 3450U with Radeon Vega Mobile Gfx (family: 0x17, model: 0x18, stepping: 0x1)
[    0.152000] Performance Events: PMU not available due to virtualization, using software events only.
[    0.152099] Hierarchical SRCU implementation.
[    0.154073] NMI watchdog: Perf event create on CPU 0 failed with -2
[    0.156008] NMI watchdog: Perf NMI watchdog permanently disabled
[    0.157633] smp: Bringing up secondary CPUs ...
[    0.158864] x86: Booting SMP configuration:
[    0.160007] .... node  #0, CPUs:      #1
[    0.004000] kvm-clock: cpu 1, msr 0:3ff44041, secondary cpu clock
[    0.164033] smp: Brought up 1 node, 2 CPUs
[    0.165425] smpboot: Max logical packages: 1
[    0.166533] smpboot: Total of 2 processors activated (8399.99 BogoMIPS)
[    0.168084] devtmpfs: initialized
[    0.168875] x86/mm: Memory block size: 128MB
[    0.169999] evm: security.selinux
[    0.170758] evm: security.SMACK64
[    0.171452] evm: security.SMACK64EXEC
[    0.172007] evm: security.SMACK64TRANSMUTE
[    0.172923] evm: security.SMACK64MMAP
[    0.173665] evm: security.apparmor
[    0.174518] evm: security.ima
[    0.176010] evm: security.capability
[    0.176971] clocksource: jiffies: mask: 0xffffffff max_cycles: 0xffffffff, max_idle_ns: 7645041785100000 ns
[    0.178197] futex hash table entries: 512 (order: 3, 32768 bytes)
[    0.184086] pinctrl core: initialized pinctrl subsystem
[    0.185434] RTC time:  6:53:35, date: 03/21/26
[    0.186684] NET: Registered protocol family 16
[    0.188097] audit: initializing netlink subsys (disabled)
[    0.188965] audit: type=2000 audit(1774076021.688:1): state=initialized audit_enabled=0 res=1
[    0.189479] cpuidle: using governor ladder
[    0.192055] cpuidle: using governor menu
[    0.192835] ACPI: bus type PCI registered
[    0.192894] acpiphp: ACPI Hot Plug PCI Controller Driver version: 0.5
[    0.194483] PCI: Using configuration type 1 for base access
[    0.196014] PCI: Using configuration type 1 for extended access
[    0.200164] HugeTLB registered 2.00 MiB page size, pre-allocated 0 pages
[    0.201157] ACPI: Added _OSI(Module Device)
[    0.201157] ACPI: Added _OSI(Processor Device)
[    0.204006] ACPI: Added _OSI(3.0 _SCP Extensions)
[    0.204878] ACPI: Added _OSI(Processor Aggregator Device)
[    0.205724] ACPI: Added _OSI(Linux-Dell-Video)
[    0.206414] ACPI: Added _OSI(Linux-Lenovo-NV-HDMI-Audio)
[    0.207193] ACPI: Added _OSI(Linux-HPI-Hybrid-Graphics)
[    0.208285] ACPI: Executed 1 blocks of module-level executable AML code
[    0.213207] ACPI: Interpreter enabled
[    0.213839] ACPI: (supports S0 S5)
[    0.214538] ACPI: Using IOAPIC for interrupt routing
[    0.215728] PCI: Using host bridge windows from ACPI; if necessary, use "pci=nocrs" and report a bug
[    0.216170] ACPI: Enabled 2 GPEs in block 00 to 07
[    0.220757] ACPI: PCI Root Bridge [PCI0] (domain 0000 [bus 00-ff])
[    0.221744] acpi PNP0A03:00: _OSC: OS supports [ExtendedConfig ASPM ClockPM Segments MSI]
[    0.223809] acpi PNP0A03:00: _OSC: platform does not support [PCIeCapability]
[    0.228449] acpi PNP0A03:00: _OSC: not requesting control; platform does not support [PCIeCapability]
[    0.230356] acpi PNP0A03:00: _OSC: OS requested [PCIeHotplug PME AER PCIeCapability]
[    0.232014] acpi PNP0A03:00: _OSC: platform willing to grant [PCIeHotplug PME AER]
[    0.233565] acpi PNP0A03:00: _OSC failed (AE_SUPPORT); disabling ASPM
[    0.236515] PCI host bridge to bus 0000:00
[    0.237941] pci_bus 0000:00: root bus resource [io  0x0000-0x0cf7 window]
[    0.240010] pci_bus 0000:00: root bus resource [io  0x0d00-0xffff window]
[    0.241147] pci_bus 0000:00: root bus resource [mem 0x000a0000-0x000bffff window]
[    0.242273] pci_bus 0000:00: root bus resource [mem 0x40000000-0xfdffffff window]
[    0.243392] pci_bus 0000:00: root bus resource [bus 00-ff]
[    0.245796] pci 0000:00:01.1: legacy IDE quirk: reg 0x10: [io  0x01f0-0x01f7]
[    0.246805] pci 0000:00:01.1: legacy IDE quirk: reg 0x14: [io  0x03f6]
[    0.248012] pci 0000:00:01.1: legacy IDE quirk: reg 0x18: [io  0x0170-0x0177]
[    0.249456] pci 0000:00:01.1: legacy IDE quirk: reg 0x1c: [io  0x0376]
[    0.277831] pci 0000:00:07.0: quirk: [io  0x4000-0x403f] claimed by PIIX4 ACPI
[    0.279170] pci 0000:00:07.0: quirk: [io  0x4100-0x410f] claimed by PIIX4 SMB
[    0.297833] ACPI: PCI Interrupt Link [LNKA] (IRQs 5 9 10 *11)
[    0.299466] ACPI: PCI Interrupt Link [LNKB] (IRQs 5 9 *10 11)
[    0.300123] ACPI: PCI Interrupt Link [LNKC] (IRQs 5 *9 10 11)
[    0.301569] ACPI: PCI Interrupt Link [LNKD] (IRQs 5 9 10 *11)
[    0.302915] SCSI subsystem initialized
[    0.304063] pci 0000:00:02.0: vgaarb: setting as boot VGA device
[    0.304901] pci 0000:00:02.0: vgaarb: VGA device added: decodes=io+mem,owns=io+mem,locks=none
[    0.306148] pci 0000:00:02.0: vgaarb: bridge control possible
[    0.307283] vgaarb: loaded
[    0.308093] ACPI: bus type USB registered
[    0.309323] usbcore: registered new interface driver usbfs
[    0.310356] usbcore: registered new interface driver hub
[    0.311397] usbcore: registered new device driver usb
[    0.312081] EDAC MC: Ver: 3.0.0
[    0.312947] PCI: Using ACPI for IRQ routing
[    0.313170] NetLabel: Initializing
[    0.313864] NetLabel:  domain hash size = 128
[    0.316007] NetLabel:  protocols = UNLABELED CIPSOv4 CALIPSO
[    0.317475] NetLabel:  unlabeled traffic allowed by default
[    0.320123] clocksource: Switched to clocksource kvm-clock
[    0.349786] VFS: Disk quotas dquot_6.6.0
[    0.350722] VFS: Dquot-cache hash table entries: 512 (order 0, 4096 bytes)
[    0.352376] AppArmor: AppArmor Filesystem Enabled
[    0.353438] pnp: PnP ACPI init
[    0.355454] pnp: PnP ACPI: found 3 devices
[    0.368135] clocksource: acpi_pm: mask: 0xffffff max_cycles: 0xffffff, max_idle_ns: 2085701024 ns
[    0.370281] NET: Registered protocol family 2
[    0.371640] IP idents hash table entries: 16384 (order: 5, 131072 bytes)
[    0.373349] TCP established hash table entries: 8192 (order: 4, 65536 bytes)
[    0.380155] TCP bind hash table entries: 8192 (order: 5, 131072 bytes)
[    0.381404] TCP: Hash tables configured (established 8192 bind 8192)
[    0.383287] UDP hash table entries: 512 (order: 2, 16384 bytes)
[    0.384745] UDP-Lite hash table entries: 512 (order: 2, 16384 bytes)
[    0.386184] NET: Registered protocol family 1
[    0.386969] pci 0000:00:00.0: Limiting direct PCI/PCI transfers
[    0.388074] pci 0000:00:01.0: Activating ISA DMA hang workarounds
[    0.389844] pci 0000:00:02.0: Video device with shadowed ROM at [mem 0x000c0000-0x000dffff]
[    0.391868] Unpacking initramfs...
[    0.867093] Freeing initrd memory: 20396K
[    0.868607] clocksource: tsc: mask: 0xffffffffffffffff max_cycles: 0x1e452ea631d, max_idle_ns: 440795244572 ns
[    0.871413] platform rtc_cmos: registered platform RTC device (no PNP device found)
[    0.873279] Scanning for low memory corruption every 60 seconds
[    0.875432] Initialise system trusted keyrings
[    0.876603] Key type blacklist registered
[    0.877631] workingset: timestamp_bits=36 max_order=18 bucket_order=0
[    0.880197] zbud: loaded
[    0.882422] squashfs: version 4.0 (2009/01/31) Phillip Lougher
[    0.884194] fuse init (API version 7.26)
[    0.891057] Key type asymmetric registered
[    0.892052] Asymmetric key parser 'x509' registered
[    0.893046] Block layer SCSI generic (bsg) driver version 0.4 loaded (major 246)
[    0.895035] io scheduler noop registered
[    0.896047] io scheduler deadline registered
[    0.897365] io scheduler cfq registered (default)
[    0.899487] ACPI: AC Adapter [AC] (on-line)
[    0.900756] input: Power Button as /devices/LNXSYSTM:00/LNXPWRBN:00/input/input0
[    0.902231] ACPI: Power Button [PWRF]
[    0.903068] input: Sleep Button as /devices/LNXSYSTM:00/LNXSLPBN:00/input/input1
[    0.904722] ACPI: Sleep Button [SLPF]
[    0.906097] Serial: 8250/16550 driver, 32 ports, IRQ sharing enabled
[    0.907092] ACPI: Battery Slot [BAT0] (battery present)
[    .939884] 00:02: ttyS0 at I/O 0x3f8 (irq = 4, base_baud = 115200) is a 16550A
[    0.946194] Linux agpgart interface v0.103
[    0.950290] loop: module loaded
[    0.952425] scsi host0: ata_piix
[    0.953846] scsi host1: ata_piix
[    0.954682] ata1: PATA max UDMA/33 cmd 0x1f0 ctl 0x3f6 bmdma 0xd000 irq 14
[    0.956036] ata2: PATA max UDMA/33 cmd 0x170 ctl 0x376 bmdma 0xd008 irq 15
[    0.958296] tun: Universal TUN/TAP device driver, 1.6
[    0.959660] PPP generic driver version 2.4.2
[    0.960899] ehci_hcd: USB 2.0 'Enhanced' Host Controller (EHCI) Driver
[    0.962387] ehci-pci: EHCI PCI platform driver
[    0.963573] ehci-platform: EHCI generic platform driver
[    0.965289] ohci_hcd: USB 1.1 'Open' Host Controller (OHCI) Driver
[    0.966862] ohci-pci: OHCI PCI platform driver
[    0.967842] ohci-platform: OHCI generic platform driver
[    0.968794] uhci_hcd: USB Universal Host Controller Interface driver
[    0.970148] i8042: PNP: PS/2 Controller [PNP0303:PS2K,PNP0f03:PS2M] at 0x60,0x64 irq 1,12
[    0.972312] serio: i8042 KBD port at 0x60,0x64 irq 1
[    0.973676] serio: i8042 AUX port at 0x60,0x64 irq 12
[    0.975234] mousedev: PS/2 mouse device common for all mice
[    0.978169] input: AT Translated Set 2 keyboard as /devices/platform/i8042/serio0/input/input2
[    0.980779] rtc_cmos rtc_cmos: rtc core: registered rtc_cmos as rtc0
[    0.982600] rtc_cmos rtc_cmos: alarms up to one day, 114 bytes nvram
[    0.984173] i2c /dev entries driver
[    0.985164] device-mapper: uevent: version 1.0.3
[    0.986414] device-mapper: ioctl: 4.37.0-ioctl (2017-09-20) initialised: dm-devel@redhat.com
[    0.988285] ledtrig-cpu: registered to indicate activity on CPUs
[    0.990347] NET: Registered protocol family 10
[    0.996611] Segment Routing with IPv6
[    0.997677] NET: Registered protocol family 17
[    0.998896] Key type dns_resolver registered
[    1.000448] mce: Using 0 MCE banks
[    1.001406] RAS: Correctable Errors collector initialized.
[    1.002905] sched_clock: Marking stable (1000401173, 0)->(1212477189, -212076016)
[    1.005181] registered taskstats version 1
[    1.006077] Loading compiled-in X.509 certificates
[    1.010575] Loaded X.509 cert 'Build time autogenerated kernel key: cdc7189136aaa35407544516090e2034d9c28e14'
[    1.013149] Loaded X.509 cert 'Canonical Ltd. Live Patch Signing: 14df34d1a87cf37625abec039ef2bf521249b969'
[    1.015896] Loaded X.509 cert 'Canonical Ltd. Kernel Module Signing: 88f752e560a1e0737e31163a466ad7b70a850c19'
[    1.018114] blacklist: Loading compiled-in revocation X.509 certificates
[    1.019566] Loaded X.509 cert 'Canonical Ltd. Secure Boot Signing: 61482aa2830d0ab2ad5af10b7250da9033ddcef0'
[    1.021602] Loaded X.509 cert 'Canonical Ltd. Secure Boot Signing (2017): 242ade75ac4a15e50d50c84b0d45ff3eae707a03'
[    1.023689] Loaded X.509 cert 'Canonical Ltd. Secure Boot Signing (ESM 2018): 365188c1d374d6b07c3c8f240f8ef722433d6a8b'
[    1.026233] Loaded X.509 cert 'Canonical Ltd. Secure Boot Signing (2019): c0746fd6c5da3ae827864651ad66ae47fe24b3e8'
[    1.028324] Loaded X.509 cert 'Canonical Ltd. Secure Boot Signing (2021 v1): a8d54bbb3825cfb94fa13c9f8a594a195c107b8d'
[    1.030570] Loaded X.509 cert 'Canonical Ltd. Secure Boot Signing (2021 v2): 4cf046892d6fd3c9a5b03f98d845f90851dc6a8c'
[    1.033055] Loaded X.509 cert 'Canonical Ltd. Secure Boot Signing (2021 v3): 100437bb6de6e469b581e61cd66bce3ef4ed53af'
[    1.035369] Loaded X.509 cert 'Canonical Ltd. Secure Boot Signing (Ubuntu Core 2019): c1d57b8f6b743f23ee41f4f7ee292f06eecadfb9'
[    1.037685] zswap: loaded using pool lzo/zbud
[    1.043595] Key type big_key registered
[    1.044576] Key type trusted registered
[    1.048185] Key type encrypted registered
[    1.049292] AppArmor: AppArmor sha1 policy hashing enabled
[    1.050256] ima: No TPM chip found, activating TPM-bypass! (rc=-19)
[    1.051745] ima: Allocated hash algorithm: sha1
[    1.052700] evm: HMAC attrs: 0x1
[    1.053622]   Magic number: 2:533:873
[    1.054477] rtc_cmos rtc_cmos: setting system clock to 2026-03-21 06:53:36 UTC (1774076016)
[    1.056390] BIOS EDD facility v0.16 2004-Jun-25, 0 devices found
[    1.057572] EDD information not available.
[    1.168425] Freeing unused kernel image memory: 2480K
[    1.184593] Write protecting the kernel read-only data: 20480k
[    1.187181] Freeing unused kernel image memory: 2008K
[    1.188976] Freeing unused kernel image memory: 1820K
[    1.200020] x86/mm: Checked W+X mappings: passed, no W+X pages found.
Loading, please wait...
starting version 237
[    1.296867] e1000: Intel(R) PRO/1000 Network Driver - version 7.3.21-k8-NAPI
[    1.299117] e1000: Copyright (c) 1999-2006 Intel Corporation.
[    1.304334] Fusion MPT base driver 3.04.20
[    1.305412] Copyright (c) 1999-2008 LSI Corporation
[    1.313797] Fusion MPT SPI Host driver 3.04.20
[    1.326091] AVX2 version of gcm_enc/dec engaged.
[    1.327213] AES CTR mode by8 optimization enabled
[    1.519014] input: ImExPS/2 Generic Explorer Mouse as /devices/platform/i8042/serio1/input/input4
[    1.896789] e1000 0000:00:03.0 eth0: (PCI:33MHz:32-bit) 02:3b:7b:b7:3b:2d
[    1.898578] e1000 0000:00:03.0 eth0: Intel(R) PRO/1000 Network Connection
[    2.281699] e1000 0000:00:08.0 eth1: (PCI:33MHz:32-bit) 08:00:27:fa:df:9a
[    2.282956] e1000 0000:00:08.0 eth1: Intel(R) PRO/1000 Network Connection
[    2.285302] e1000 0000:00:08.0 enp0s8: renamed from eth1
[    2.286912] mptbase: ioc0: Initiating bringup
[    2.321227] e1000 0000:00:03.0 enp0s3: renamed from eth0
[    2.481258] ioc0: LSI53C1030 A0: Capabilities={Initiator}
[    2.722965] scsi host2: ioc0: LSI53C1030 A0, FwRev=00000000h, Ports=1, MaxQ=256, IRQ=20
[    2.889027] scsi 2:0:0:0: Direct-Access     VBOX     HARDDISK         1.0  PQ: 0 ANSI: 5
[    3.464549] scsi target2:0:0: Beginning Domain Validation
[    3.466958] scsi target2:0:0: Domain Validation skipping write tests
[    3.468346] scsi target2:0:0: Ending Domain Validation
[    3.469524] scsi target2:0:0: asynchronous
[    3.470928] scsi 2:0:1:0: Direct-Access     VBOX     HARDDISK         1.0  PQ: 0 ANSI: 5
[    3.532045] scsi target2:0:1: Beginning Domain Validation
[    3.534531] scsi target2:0:1: Domain Validation skipping write tests
[    3.536052] scsi target2:0:1: Ending Domain Validation
[    3.537154] scsi target2:0:1: asynchronous
[    3.543488] sd 2:0:0:0: Attached scsi generic sg0 type 0
[    3.545311] sd 2:0:0:0: [sda] 83886080 512-byte logical blocks: (42.9 GB/40.0 GiB)
[    3.545908] sd 2:0:1:0: [sdb] 20480 512-byte logical blocks: (10.5 MB/10.0 MiB)
[    3.547596] sd 2:0:1:0: Attached scsi generic sg1 type 0
[    3.548556] sd 2:0:0:0: [sda] Write Protect is off
[    3.549839] sd 2:0:1:0: [sdb] Write Protect is off
[    3.552483] sd 2:0:0:0: [sda] Incomplete mode parameter data
[    3.553732] sd 2:0:0:0: [sda] Assuming drive cache: write through
[    3.553762] sd 2:0:1:0: [sdb] Incomplete mode parameter data
[    3.556228]  sda: sda1
[    3.556403] sd 2:0:1:0: [sdb] Assuming drive cache: write through
[    3.557735] sd 2:0:0:0: [sda] Attached SCSI disk
[    3.562727] sd 2:0:1:0: [sdb] Attached SCSI disk
Begin: Loading essential drivers ... [    5.116051] raid6: sse2x1   gen()  6370 MB/s
[    5.164760] raid6: sse2x1   xor()  4952 MB/s
[    5.212030] raid6: sse2x2   gen() 11562 MB/s
[    5.260530] raid6: sse2x2   xor()  7949 MB/s
[    5.308537] raid6: sse2x4   gen() 14509 MB/s
[    5.356431] raid6: sse2x4   xor()  6930 MB/s
[    5.404274] raid6: avx2x1   gen() 14137 MB/s
[    5.452158] raid6: avx2x1   xor() 10029 MB/s
[    5.500069] raid6: avx2x2   gen() 18594 MB/s
[    5.548023] raid6: avx2x2   xor() 10184 MB/s
[    5.596021] raid6: avx2x4   gen() 18098 MB/s
[    5.644026] raid6: avx2x4   xor()  8781 MB/s
[    5.645008] raid6: using algorithm avx2x2 gen() 18594 MB/s
[    5.646038] raid6: .... xor() 10184 MB/s, rmw enabled
[    5.647443] raid6: using avx2x2 recovery algorithm
[    5.650448] xor: automatically using best checksumming function   avx       
[    5.653431] async_tx: api initialized (async)
done.
Begin: Running /scripts/init-premount ... done.
Begin: Mounting root file system ... Begin: Running /scripts/local-top ... done.
Begin: Running /scripts/local-premount ... [    5.704540] Btrfs loaded, crc32c=crc32c-intel
Scanning for Btrfs filesystems
done.
Begin: Will now check root file system ... fsck from util-linux 2.31.1
[/sbin/fsck.ext4 (1) -- /dev/sda1] fsck.ext4 -a -C0 /dev/sda1 
cloudimg-rootfs: clean, 99045/5120000 files, 749022/10485499 blocks
done.
[    5.765323] EXT4-fs (sda1): mounted filesystem with ordered data mode. Opts: (null)
done.
Begin: Running /scripts/local-bottom ... done.
Begin: Running /scripts/init-bottom ... done.
[    6.014146] ip_tables: (C) 2000-2006 Netfilter Core Team
[    6.043125] systemd[1]: systemd 237 running in system mode. (+PAM +AUDIT +SELINUX +IMA +APPARMOR +SMACK +SYSVINIT +UTMP +LIBCRYPTSETUP +GCRYPT +GNUTLS +ACL +XZ +LZ4 +SECCOMP +BLKID +ELFUTILS +KMOD -IDN2 +IDN -PCRE2 default-hierarchy=hybrid)
[    6.048412] systemd[1]: Detected virtualization oracle.
[    6.049712] systemd[1]: Detected architecture x86-64.

Welcome to [1mUbuntu 18.04.6 LTS[0m!

[    6.057418] systemd[1]: Set hostname to <web03>.
[    6.358524] systemd[1]: Created slice User and Session Slice.
[[0;32m  OK  [0m] Created slice User and Session Slice.
[    6.360527] systemd[1]: Reached target System Time Synchronized.
[[0;32m  OK  [0m] Reached target System Time Synchronized.
[    6.363132] systemd[1]: Created slice System Slice.
[[0;32m  OK  [0m] Created slice System Slice.
[    6.365555] systemd[1]: Listening on Journal Socket.
[[0;32m  OK  [0m] Listening on Journal Socket.
[    6.369306] systemd[1]: Starting Uncomplicated firewall...
         Starting Uncomplicated firewall...
[    6.373238] systemd[1]: Starting Set the console keyboard layout...
         Starting Set the console keyboard layout...
[[0;32m  OK  [0m] Listening on LVM2 metadata daemon socket.
[[0;32m  OK  [0m] Listening on Journal Socket (/dev/log).
         Starting Create list of required st…ce nodes for the current kernel...
[[0;32m  OK  [0m] Listening on Journal Audit Socket.
         Mounting Kernel Debug File System...
[[0;32m  OK  [0m] Listening on fsck to fsckd communication Socket.
[[0;32m  OK  [0m] Reached target User and Group Name Lookups.
[[0;32m  OK  [0m] Started Forward Password Requests to Wall Directory Watch.
[[0;32m  OK  [0m] Reached target Swap.
[[0;32m  OK  [0m] Created slice system-serial\x2dgetty.slice.
[[0;32m  OK  [0m] Listening on udev Kernel Socket.
[[0;32m  OK  [0m] Listening on Syslog Socket.
         Mounting POSIX Message Queue File System...
[[0;32m  OK  [0m] Listening on Device-mapper event daemon FIFOs.
         Starting Monitoring of LVM2 mirrors…ng dmeventd or progress polling...
[[0;32m  OK  [0m] Set up automount Arbitrary Executab…rmats File System Automount Point.
         Starting Remount Root and Kernel File Systems...
[[0;32m  OK  [0m] Listening on udev Control Socket.
[[0;32m  OK  [0m] Listening on /dev/initctl Compatibility Named Pipe.
         Starting Journal Service...
         Mounting Huge Pages File System...
[[0;32m  OK  [0m] Reached target Slices.
         Starting udev Coldplug all Devices...
[[0;32m  OK  [0m] Listening on LVM2 poll daemon socket.
         Starting Load Kernel Modules...
[[0;32m  OK  [0m] Reached target Mounting snaps.
[[0;32m  OK  [0m] Reached target Mounted snaps.
[[0;32m  OK  [0m] Listening on Network Service Netlink Socket.
[[0;32m  OK  [0m] Started Uncomplicated firewall.
[[0;32m  OK  [0m] Started Create list of required sta…vice nodes for the current kernel.
[[0;32m  OK  [0m] Mounted Kernel Debug File System.
[[0;32m  OK  [0m] Mounted POSIX Message Queue File System.
[[0;32m  OK  [0m] Mounted Huge Pages File System.
         Starting Create Static Device Nodes in /dev...
[[0;32m  OK  [0m] Started Journal Service.
[[0;32m  OK  [0m] Started LVM2 metadata daemon.
[    6.526276] EXT4-fs (sda1): re-mounted. Opts: (null)
[[0;32m  OK  [0m] Started Remount Root and Kernel File Systems.
         Starting Flush Journal to Persistent Storage...
         Starting Load/Save Random Seed...
[[0;32m  OK  [0m] Started Set the console keyboard layout.
[[0;32m  OK  [0m] Started udev Coldplug all Devices.
[[0;32m  OK  [0m] Started Create Static Device Nodes in /dev.
[    6.624837] Loading iSCSI transport class v2.0-870.
         Starting udev Kernel Device Manager...
[    6.633459] systemd-journald[419]: Received request to flush runtime journal from PID 1
[    6.641710] iscsi: registered transport (tcp)
[[0;32m  OK  [0m] Started Monitoring of LVM2 mirrors,…sing dmeventd or progress polling.
[[0;32m  OK  [0m] Reached target Local File Systems (Pre).
[[0;32m  OK  [0m] Reached target Local File Systems.
         Starting AppArmor initialization...
         Starting ebtables ruleset management...
         Starting Tell Plymouth To Write Out Runtime Data...
         Starting Set console font and keymap...
[[0;32m  OK  [0m] Started Load/Save Random Seed.
[[0;32m  OK  [0m] Started udev Kernel Device Manager.
[[0;32m  OK  [0m] Started Dispatch Password Requests to Console Directory Watch.
[[0;32m  OK  [0m] Reached target Local Encrypted Volumes.
[    6.744300] iscsi: registered transport (iser)
[[0;32m  OK  [0m] Started Load Kernel Modules.
         Mounting FUSE Control File System...
         Starting Apply Kernel Variables...
         Mounting Kernel Configuration File System...
[[0;32m  OK  [0m] Mounted FUSE Control File System.
[[0;32m  OK  [0m] Mounted Kernel Configuration File System.
[[0;32m  OK  [0m] Started Tell Plymouth To Write Out Runtime Data.
[[0;32m  OK  [0m] Started Set console font and keymap.
[[0;32m  OK  [0m] Started Apply Kernel Variables.
[[0;32m  OK  [0m] Started Flush Journal to Persistent Storage.
         Starting Create Volatile Files and Directories...
[[0;32m  OK  [0m] Started Create Volatile Files and Directories.
         Starting Update UTMP about System Boot/Shutdown...
[[0;32m  OK  [0m] Started ebtables ruleset management.
[[0;32m  OK  [0m] Started Update UTMP about System Boot/Shutdown.
[[0;32m  OK  [0m] Found device /dev/ttyS0.
[[0;32m  OK  [0m] Listening on Load/Save RF Kill Switch Status /dev/rfkill Watch.
[[0;32m  OK  [0m] Started AppArmor initialization.
         Starting Load AppArmor profiles managed internally by snapd...
         Starting Initial cloud-init job (pre-networking)...
         Mounting Arbitrary Executable File Formats File System...
[[0;32m  OK  [0m] Mounted Arbitrary Executable File Formats File System.
[[0;32m  OK  [0m] Started Load AppArmor profiles managed internally by snapd.
[    9.010096] cloud-init[557]: Cloud-init v. 23.1.2-0ubuntu0~18.04.1 running 'init-local' at Sat, 21 Mar 2026 06:53:44 +0000. Up 8.79 seconds.
[[0;32m  OK  [0m] Started Initial cloud-init job (pre-networking).
[[0;32m  OK  [0m] Reached target Network (Pre).
         Starting Network Service...
[[0;32m  OK  [0m] Started Network Service.
         Starting Wait for Network to be Configured...
         Starting Network Name Resolution...
[[0;32m  OK  [0m] Started Network Name Resolution.
[[0;32m  OK  [0m] Reached target Network.
[[0;32m  OK  [0m] Reached target Host and Network Name Lookups.
[[0;32m  OK  [0m] Started Wait for Network to be Configured.
         Starting Initial cloud-init job (metadata service crawler)...
[   12.017094] cloud-init[674]: Cloud-init v. 23.1.2-0ubuntu0~18.04.1 running 'init' at Sat, 21 Mar 2026 06:53:47 +0000. Up 11.77 seconds.
[   12.019667] cloud-init[674]: ci-info: ++++++++++++++++++++++++++++++++++++++Net device info+++++++++++++++++++++++++++++++++++++++
[   12.021999] cloud-init[674]: ci-info: +--------+------+-----------------------------+---------------+--------+-------------------+
[   12.024109] cloud-init[674]: ci-info: | Device |  Up  |           Address           |      Mask     | Scope  |     Hw-Address    |
[   12.025718] cloud-init[674]: ci-info: +--------+------+-----------------------------+---------------+--------+-------------------+
[   12.027999] cloud-init[674]: ci-info: | enp0s3 | True |          10.0.2.15          | 255.255.255.0 | global | 02:3b:7b:b7:3b:2d |
[   12.030273] cloud-init[674]: ci-info: | enp0s3 | True |  fe80::3b:7bff:feb7:3b2d/64 |       .       |  link  | 02:3b:7b:b7:3b:2d |
[   12.033038] cloud-init[674]: ci-info: | enp0s8 | True |        192.168.10.15        | 255.255.255.0 | global | 08:00:27:fa:df:9a |
[   12.035035] cloud-init[674]: ci-info: | enp0s8 | True | fe80::a00:27ff:fefa:df9a/64 |       .       |  link  | 08:00:27:fa:df:9a |
[   12.036906] cloud-init[674]: ci-info: |   lo   | True |          127.0.0.1          |   255.0.0.0   |  host  |         .         |
[   12.038395] cloud-init[674]: ci-info: |   lo   | True |           ::1/128           |       .       |  host  |         .         |
[   12.040355] cloud-init[674]: ci-info: +--------+------+-----------------------------+---------------+--------+-------------------+
[   12.047524] cloud-init[674]: ci-info: +++++++++++++++++++++++++++++Route IPv4 info+++++++++++++++++++++++++++++
[   12.049256] cloud-init[674]: ci-info: +-------+--------------+----------+-----------------+-----------+-------+
[   12.050445] cloud-init[674]: ci-info: | Route | Destination  | Gateway  |     Genmask     | Interface | Flags |
[   12.051878] cloud-init[674]: ci-info: +-------+--------------+----------+-----------------+-----------+-------+
[   12.053851] cloud-init[674]: ci-info: |   0   |   0.0.0.0    | 10.0.2.2 |     0.0.0.0     |   enp0s3  |   UG  |
[   12.055524] cloud-init[674]: ci-info: |   1   |   10.0.2.0   | 0.0.0.0  |  255.255.255.0  |   enp0s3  |   U   |
[   12.057380] cloud-init[674]: ci-info: |   2   |   10.0.2.2   | 0.0.0.0  | 255.255.255.255 |   enp0s3  |   UH  |
[   12.059155] cloud-init[674]: ci-info: |   3   | 192.168.10.0 | 0.0.0.0  |  255.255.255.0  |   enp0s8  |   U   |
[   12.060628] cloud-init[674]: ci-info: +-------+--------------+----------+-----------------+-----------+-------+
[   12.062547] cloud-init[674]: ci-info: +++++++++++++++++++Route IPv6 info+++++++++++++++++++
[   12.064164] cloud-init[674]: ci-info: +-------+-------------+---------+-----------+-------+
[   12.065929] cloud-init[674]: ci-info: | Route | Destination | Gateway | Interface | Flags |
[   12.067404] cloud-init[674]: ci-info: +-------+-------------+---------+-----------+-------+
[   12.068672] cloud-init[674]: ci-info: |   1   |  fe80::/64  |    ::   |   enp0s3  |   U   |
[   12.069738] cloud-init[674]: ci-info: |   2   |  fe80::/64  |    ::   |   enp0s8  |   U   |
[   12.071208] cloud-init[674]: ci-info: |   4   |    local    |    ::   |   enp0s3  |   U   |
[   12.072537] cloud-init[674]: ci-info: |   5   |    local    |    ::   |   enp0s8  |   U   |
[   12.073594] cloud-init[674]: ci-info: |   6   |   ff00::/8  |    ::   |   enp0s3  |   U   |
[   12.074581] cloud-init[674]: ci-info: |   7   |   ff00::/8  |    ::   |   enp0s8  |   U   |
[   12.076035] cloud-init[674]: ci-info: +-------+-------------+---------+-----------+-------+
[[0;32m  OK  [0m] Started Initial cloud-init job (metadata service crawler).
[[0;32m  OK  [0m] Reached target Network is Online.
         Starting Availability of block devices...
[[0;32m  OK  [0m] Reached target Remote File Systems (Pre).
         Mounting /vagrant...
[[0;32m  OK  [0m] Reached target System Initialization.
[[0;32m  OK  [0m] Started ACPI Events Check.
[[0;32m  OK  [0m] Listening on ACPID Listen Socket.
[[0;32m  OK  [0m] Started Daily apt download activities.
         Starting Socket activation for snappy daemon.
[[0;32m  OK  [0m] Started Discard unused blocks once a week.
[[0;32m  OK  [0m] Listening on UUID daemon activation socket.
[[0;32m  OK  [0m] Reached target Paths.
[[0;32m  OK  [0m] Started Daily apt upgrade and clean activities.
         Starting LXD - unix socket.
[[0;32m  OK  [0m] Started Message of the Day.
[[0;32m  OK  [0m] Listening on Open-iSCSI iscsid Socket.
[[0;32m  OK  [0m] Listening on D-Bus System Message Bus Socket.
[[0;32m  OK  [0m] Started Ubuntu Advantage Timer for running repeated jobs.
[[0;32m  OK  [0m] Listening on cloud-init hotplug hook socket.
[[0;32m  OK  [0m] Started Daily Cleanup of Temporary Directories.
[[0;32m  OK  [0m] Reached target Timers.
[[0;32m  OK  [0m] Reached target Cloud-config availability.
[[0;32m  OK  [0m] Started Availability of block devices.
[[0;32m  OK  [0m] Mounted /vagrant.
[[0;32m  OK  [0m] Listening on Socket activation for snappy daemon.
[[0;32m  OK  [0m] Listening on LXD - unix socket.
[[0;32m  OK  [0m] Reached target Sockets.
[[0;32m  OK  [0m] Reached target Basic System.
[[0;32m  OK  [0m] Started FUSE filesystem for LXC.
         Starting Dispatcher daemon for systemd-networkd...
         Starting Accounts Service...
         Starting Snap Daemon...
         Starting OpenBSD Secure Shell server...
[[0;32m  OK  [0m] Started Regular background program processing daemon.
         Starting LSB: Record successful boot for GRUB...
[[0;32m  OK  [0m] Started Deferred execution scheduler.
         Starting Login Service...
         Starting Virtualbox guest utils...
[[0;32m  OK  [0m] Reached target Login Prompts (Pre).
[[0;32m  OK  [0m] Started D-Bus System Message Bus.
[[0;32m  OK  [0m] Started Login Service.
[[0;32m  OK  [0m] Started Unattended Upgrades Shutdown.
[[0;32m  OK  [0m] Started irqbalance daemon.
         Starting LXD - container startup/shutdown...
         Starting System Logging Service...
[[0;32m  OK  [0m] Reached target Remote File Systems.
         Starting LSB: automatic crash report generation...
         Starting Permit User Sessions...
[[0;32m  OK  [0m] Started OpenBSD Secure Shell server.
[[0;32m  OK  [0m] Started Permit User Sessions.
[[0;32m  OK  [0m] Started Dispatcher daemon for systemd-networkd.
         Starting Hold until boot process finishes up...
         Starting Terminate Plymouth Boot Screen...
         Starting Authorization Manager...
[[0;32m  OK  [0m] Started Hold until boot process finishes up.
[[0;32m  OK  [0m] Started Terminate Plymouth Boot Screen.
         Starting Set console scheme...
[[0;32m  OK  [0m] Started Serial Getty on ttyS0.
[[0;32m  OK  [0m] Started System Logging Service.
[[0;32m  OK  [0m] Started Authorization Manager.
[[0;32m  OK  [0m] Started Accounts Service.
[[0;32m  OK  [0m] Started Set console scheme.
[[0;32m  OK  [0m] Created slice system-getty.slice.
[[0;32m  OK  [0m] Started Getty on tty1.
[[0;32m  OK  [0m] Reached target Login Prompts.
[[0;32m  OK  [0m] Started LSB: Record successful boot for GRUB.
[[0;32m  OK  [0m] Started LSB: automatic crash report generation.
[[0;32m  OK  [0m] Started Virtualbox guest utils.
[[0;32m  OK  [0m] Created slice User Slice of vagrant.
         Starting User Manager for UID 1000...
[[0;32m  OK  [0m] Started Session 1 of user vagrant.
[[0;32m  OK  [0m] Started LXD - container startup/shutdown.
[[0;32m  OK  [0m] Started User Manager for UID 1000.
[[0;32m  OK  [0m] Started Snap Daemon.
         Starting Wait until snapd is fully seeded...
         Starting Time & Date Service...
[[0;32m  OK  [0m] Started Time & Date Service.
[[0;32m  OK  [0m] Started Wait until snapd is fully seeded.
         Starting Apply the settings specified in cloud-config...
[   15.162524] cloud-init[1181]: Cloud-init v. 23.1.2-0ubuntu0~18.04.1 running 'modules:config' at Sat, 21 Mar 2026 06:53:50 +0000. Up 15.01 seconds.
[[0;32m  OK  [0m] Started Apply the settings specified in cloud-config.
[[0;32m  OK  [0m] Reached target Multi-User System.
[[0;32m  OK  [0m] Reached target Graphical Interface.
         Starting Execute cloud user/final scripts...
         Starting Update UTMP about System Runlevel Changes...
[[0;32m  OK  [0m] Started Update UTMP about System Runlevel Changes.
[   15.980123] cloud-init[1285]: Cloud-init v. 23.1.2-0ubuntu0~18.04.1 running 'modules:final' at Sat, 21 Mar 2026 06:53:51 +0000. Up 15.81 seconds.
[   15.982395] cloud-init[1285]: Cloud-init v. 23.1.2-0ubuntu0~18.04.1 finished at Sat, 21 Mar 2026 06:53:51 +0000. Datasource DataSourceNoCloud [seed=/dev/sdb][dsmode=net].  Up 15.96 seconds
[[0;32m  OK  [0m] Started Execute cloud user/final scripts.
         Starting Daily apt download activities...
[[0;32m  OK  [0m] Reached target Cloud-init target.
         Starting Update APT News...
         Starting Update the local ESM caches...
[[0;32m  OK  [0m] Started Update APT News.

Ubuntu 18.04.6 LTS web03 ttyS0

web03 login: 